Added Component: Designator=A0(SAMTEC_TSW-104-08-L-S-LL)
Add component (AddParameter): Name = "Availability"; Value = "Unavailable"; VariantName = "[No Variations]"
Add component (AddParameter): Name = "MF"; Value = ""; VariantName = "[No Variations]"
Add component (AddParameter): Name = "MP"; Value = "TSW-104-08-L-S-LL"; VariantName = "[No Variations]"
Add component (AddParameter): Name = "Package"; Value = "None"; VariantName = "[No Variations]"
Add component (AddParameter): Name = "Price"; Value = "None"; VariantName = "[No Variations]"
Add component (AddParameter): Name = "Value"; Value = ""; VariantName = "[No Variations]"
Added Component: Designator=A1(SAMTEC_TSW-104-08-L-S-LL)
Add component (AddParameter): Name = "Availability"; Value = "Unavailable"; VariantName = "[No Variations]"
Add component (AddParameter): Name = "MF"; Value = ""; VariantName = "[No Variations]"
Add component (AddParameter): Name = "MP"; Value = "TSW-104-08-L-S-LL"; VariantName = "[No Variations]"
Add component (AddParameter): Name = "Package"; Value = "None"; VariantName = "[No Variations]"
Add component (AddParameter): Name = "Price"; Value = "None"; VariantName = "[No Variations]"
Add component (AddParameter): Name = "Value"; Value = ""; VariantName = "[No Variations]"
Added Component: Designator=A2(SAMTEC_TSW-104-08-L-S-LL)
Add component (AddParameter): Name = "Availability"; Value = "Unavailable"; VariantName = "[No Variations]"
Add component (AddParameter): Name = "MF"; Value = ""; VariantName = "[No Variations]"
Add component (AddParameter): Name = "MP"; Value = "TSW-104-08-L-S-LL"; VariantName = "[No Variations]"
Add component (AddParameter): Name = "Package"; Value = "None"; VariantName = "[No Variations]"
Add component (AddParameter): Name = "Price"; Value = "None"; VariantName = "[No Variations]"
Add component (AddParameter): Name = "Value"; Value = ""; VariantName = "[No Variations]"
Added Component: Designator=A3(SAMTEC_TSW-104-08-L-S-LL)
Add component (AddParameter): Name = "Availability"; Value = "Unavailable"; VariantName = "[No Variations]"
Add component (AddParameter): Name = "MF"; Value = ""; VariantName = "[No Variations]"
Add component (AddParameter): Name = "MP"; Value = "TSW-104-08-L-S-LL"; VariantName = "[No Variations]"
Add component (AddParameter): Name = "Package"; Value = "None"; VariantName = "[No Variations]"
Add component (AddParameter): Name = "Price"; Value = "None"; VariantName = "[No Variations]"
Add component (AddParameter): Name = "Value"; Value = ""; VariantName = "[No Variations]"
Added Component: Designator=A4(SAMTEC_TSW-104-08-L-S-LL)
Add component (AddParameter): Name = "Availability"; Value = "Unavailable"; VariantName = "[No Variations]"
Add component (AddParameter): Name = "MF"; Value = ""; VariantName = "[No Variations]"
Add component (AddParameter): Name = "MP"; Value = "TSW-104-08-L-S-LL"; VariantName = "[No Variations]"
Add component (AddParameter): Name = "Package"; Value = "None"; VariantName = "[No Variations]"
Add component (AddParameter): Name = "Price"; Value = "None"; VariantName = "[No Variations]"
Add component (AddParameter): Name = "Value"; Value = ""; VariantName = "[No Variations]"
Added Component: Designator=A5(SAMTEC_TSW-104-08-L-S-LL)
Add component (AddParameter): Name = "Availability"; Value = "Unavailable"; VariantName = "[No Variations]"
Add component (AddParameter): Name = "MF"; Value = ""; VariantName = "[No Variations]"
Add component (AddParameter): Name = "MP"; Value = "TSW-104-08-L-S-LL"; VariantName = "[No Variations]"
Add component (AddParameter): Name = "Package"; Value = "None"; VariantName = "[No Variations]"
Add component (AddParameter): Name = "Price"; Value = "None"; VariantName = "[No Variations]"
Add component (AddParameter): Name = "Value"; Value = ""; VariantName = "[No Variations]"
Added Component: Designator=D8(SAMTEC_TSW-104-08-L-S-LL)
Add component (AddParameter): Name = "Availability"; Value = "Unavailable"; VariantName = "[No Variations]"
Add component (AddParameter): Name = "MF"; Value = ""; VariantName = "[No Variations]"
Add component (AddParameter): Name = "MP"; Value = "TSW-104-08-L-S-LL"; VariantName = "[No Variations]"
Add component (AddParameter): Name = "Package"; Value = "None"; VariantName = "[No Variations]"
Add component (AddParameter): Name = "Price"; Value = "None"; VariantName = "[No Variations]"
Add component (AddParameter): Name = "Value"; Value = ""; VariantName = "[No Variations]"
Added Component: Designator=D9(SAMTEC_TSW-104-08-L-S-LL)
Add component (AddParameter): Name = "Availability"; Value = "Unavailable"; VariantName = "[No Variations]"
Add component (AddParameter): Name = "MF"; Value = ""; VariantName = "[No Variations]"
Add component (AddParameter): Name = "MP"; Value = "TSW-104-08-L-S-LL"; VariantName = "[No Variations]"
Add component (AddParameter): Name = "Package"; Value = "None"; VariantName = "[No Variations]"
Add component (AddParameter): Name = "Price"; Value = "None"; VariantName = "[No Variations]"
Add component (AddParameter): Name = "Value"; Value = ""; VariantName = "[No Variations]"
Added Component: Designator=D10(SAMTEC_TSW-104-08-L-S-LL)
Add component (AddParameter): Name = "Availability"; Value = "Unavailable"; VariantName = "[No Variations]"
Add component (AddParameter): Name = "MF"; Value = ""; VariantName = "[No Variations]"
Add component (AddParameter): Name = "MP"; Value = "TSW-104-08-L-S-LL"; VariantName = "[No Variations]"
Add component (AddParameter): Name = "Package"; Value = "None"; VariantName = "[No Variations]"
Add component (AddParameter): Name = "Price"; Value = "None"; VariantName = "[No Variations]"
Add component (AddParameter): Name = "Value"; Value = ""; VariantName = "[No Variations]"
Added Component: Designator=D11(SAMTEC_TSW-104-08-L-S-LL)
Add component (AddParameter): Name = "Availability"; Value = "Unavailable"; VariantName = "[No Variations]"
Add component (AddParameter): Name = "MF"; Value = ""; VariantName = "[No Variations]"
Add component (AddParameter): Name = "MP"; Value = "TSW-104-08-L-S-LL"; VariantName = "[No Variations]"
Add component (AddParameter): Name = "Package"; Value = "None"; VariantName = "[No Variations]"
Add component (AddParameter): Name = "Price"; Value = "None"; VariantName = "[No Variations]"
Add component (AddParameter): Name = "Value"; Value = ""; VariantName = "[No Variations]"
Added Component: Designator=D12(SAMTEC_TSW-104-08-L-S-LL)
Add component (AddParameter): Name = "Availability"; Value = "Unavailable"; VariantName = "[No Variations]"
Add component (AddParameter): Name = "MF"; Value = ""; VariantName = "[No Variations]"
Add component (AddParameter): Name = "MP"; Value = "TSW-104-08-L-S-LL"; VariantName = "[No Variations]"
Add component (AddParameter): Name = "Package"; Value = "None"; VariantName = "[No Variations]"
Add component (AddParameter): Name = "Price"; Value = "None"; VariantName = "[No Variations]"
Add component (AddParameter): Name = "Value"; Value = ""; VariantName = "[No Variations]"
Added Component: Designator=D13(SAMTEC_TSW-104-08-L-S-LL)
Add component (AddParameter): Name = "Availability"; Value = "Unavailable"; VariantName = "[No Variations]"
Add component (AddParameter): Name = "MF"; Value = ""; VariantName = "[No Variations]"
Add component (AddParameter): Name = "MP"; Value = "TSW-104-08-L-S-LL"; VariantName = "[No Variations]"
Add component (AddParameter): Name = "Package"; Value = "None"; VariantName = "[No Variations]"
Add component (AddParameter): Name = "Price"; Value = "None"; VariantName = "[No Variations]"
Add component (AddParameter): Name = "Value"; Value = ""; VariantName = "[No Variations]"
Added Component: Designator=Header6(SAMTEC_MTSW-106-08-T-S-300-LL)
Add component (AddParameter): Name = "Availability"; Value = "Unavailable"; VariantName = "[No Variations]"
Add component (AddParameter): Name = "MF"; Value = ""; VariantName = "[No Variations]"
Add component (AddParameter): Name = "MP"; Value = "MTSW-106-08-T-S-300-LL"; VariantName = "[No Variations]"
Add component (AddParameter): Name = "Package"; Value = "None"; VariantName = "[No Variations]"
Add component (AddParameter): Name = "Price"; Value = "None"; VariantName = "[No Variations]"
Add component (AddParameter): Name = "Value"; Value = ""; VariantName = "[No Variations]"
Added Component: Designator=Header8-Left(SAMTEC_TSW-108-06-G-S-LL)
Add component (AddParameter): Name = "Availability"; Value = "Unavailable"; VariantName = "[No Variations]"
Add component (AddParameter): Name = "MF"; Value = ""; VariantName = "[No Variations]"
Add component (AddParameter): Name = "MP"; Value = "TSW-108-06-G-S-LL"; VariantName = "[No Variations]"
Add component (AddParameter): Name = "Package"; Value = "None"; VariantName = "[No Variations]"
Add component (AddParameter): Name = "Price"; Value = "None"; VariantName = "[No Variations]"
Add component (AddParameter): Name = "Value"; Value = ""; VariantName = "[No Variations]"
Added Component: Designator=Header8-Right(SAMTEC_TSW-108-06-G-S-LL)
Add component (AddParameter): Name = "Availability"; Value = "Unavailable"; VariantName = "[No Variations]"
Add component (AddParameter): Name = "MF"; Value = ""; VariantName = "[No Variations]"
Add component (AddParameter): Name = "MP"; Value = "TSW-108-06-G-S-LL"; VariantName = "[No Variations]"
Add component (AddParameter): Name = "Package"; Value = "None"; VariantName = "[No Variations]"
Add component (AddParameter): Name = "Price"; Value = "None"; VariantName = "[No Variations]"
Add component (AddParameter): Name = "Value"; Value = ""; VariantName = "[No Variations]"
Added Component: Designator=Header10(SAMTEC_MTSW-110-10-G-S-595)
Add component (AddParameter): Name = "Availability"; Value = "Unavailable"; VariantName = "[No Variations]"
Add component (AddParameter): Name = "MF"; Value = ""; VariantName = "[No Variations]"
Add component (AddParameter): Name = "MP"; Value = "MTSW-110-10-G-S-595"; VariantName = "[No Variations]"
Add component (AddParameter): Name = "Package"; Value = "None"; VariantName = "[No Variations]"
Add component (AddParameter): Name = "Price"; Value = "None"; VariantName = "[No Variations]"
Add component (AddParameter): Name = "Value"; Value = ""; VariantName = "[No Variations]"
Added Component: Designator=J5(SAMTEC_TSW-104-08-L-S-LL)
Add component (AddParameter): Name = "Availability"; Value = "Unavailable"; VariantName = "[No Variations]"
Add component (AddParameter): Name = "MF"; Value = ""; VariantName = "[No Variations]"
Add component (AddParameter): Name = "MP"; Value = "TSW-104-08-L-S-LL"; VariantName = "[No Variations]"
Add component (AddParameter): Name = "Package"; Value = "None"; VariantName = "[No Variations]"
Add component (AddParameter): Name = "Price"; Value = "None"; VariantName = "[No Variations]"
Add component (AddParameter): Name = "Value"; Value = ""; VariantName = "[No Variations]"
Added Component: Designator=J6(SAMTEC_TSW-108-06-G-S-LL)
Add component (AddParameter): Name = "Availability"; Value = "Unavailable"; VariantName = "[No Variations]"
Add component (AddParameter): Name = "MF"; Value = ""; VariantName = "[No Variations]"
Add component (AddParameter): Name = "MP"; Value = "TSW-108-06-G-S-LL"; VariantName = "[No Variations]"
Add component (AddParameter): Name = "Package"; Value = "None"; VariantName = "[No Variations]"
Add component (AddParameter): Name = "Price"; Value = "None"; VariantName = "[No Variations]"
Add component (AddParameter): Name = "Value"; Value = ""; VariantName = "[No Variations]"
Added Pin To Net: NetName=NetA0_01 Pin=A0-01
Added Pin To Net: NetName=NetA0_01 Pin=A1-01
Added Pin To Net: NetName=NetA0_01 Pin=A2-01
Added Pin To Net: NetName=NetA0_01 Pin=A3-01
Added Pin To Net: NetName=NetA0_01 Pin=A4-01
Added Pin To Net: NetName=NetA0_01 Pin=A5-01
Added Pin To Net: NetName=NetA0_01 Pin=D8-01
Added Pin To Net: NetName=NetA0_01 Pin=D9-01
Added Pin To Net: NetName=NetA0_01 Pin=D10-01
Added Pin To Net: NetName=NetA0_01 Pin=D11-01
Added Pin To Net: NetName=NetA0_01 Pin=D12-01
Added Pin To Net: NetName=NetA0_01 Pin=D13-01
Added Pin To Net: NetName=NetA0_01 Pin=Header8-Left-02
Added Net: Name=NetA0_01
Added Pin To Net: NetName=NetA0_02 Pin=A0-02
Added Pin To Net: NetName=NetA0_02 Pin=A1-02
Added Pin To Net: NetName=NetA0_02 Pin=A2-02
Added Pin To Net: NetName=NetA0_02 Pin=A3-02
Added Pin To Net: NetName=NetA0_02 Pin=A4-02
Added Pin To Net: NetName=NetA0_02 Pin=A5-02
Added Pin To Net: NetName=NetA0_02 Pin=D8-02
Added Pin To Net: NetName=NetA0_02 Pin=D9-02
Added Pin To Net: NetName=NetA0_02 Pin=D10-02
Added Pin To Net: NetName=NetA0_02 Pin=D11-02
Added Pin To Net: NetName=NetA0_02 Pin=D12-02
Added Pin To Net: NetName=NetA0_02 Pin=D13-02
Added Pin To Net: NetName=NetA0_02 Pin=Header8-Left-06
Added Net: Name=NetA0_02
Added Pin To Net: NetName=NetA0_04 Pin=A0-04
Added Pin To Net: NetName=NetA0_04 Pin=Header6-01
Added Net: Name=NetA0_04
Added Pin To Net: NetName=NetA1_04 Pin=A1-04
Added Pin To Net: NetName=NetA1_04 Pin=Header6-02
Added Net: Name=NetA1_04
Added Pin To Net: NetName=NetA2_04 Pin=A2-04
Added Pin To Net: NetName=NetA2_04 Pin=Header6-03
Added Net: Name=NetA2_04
Added Pin To Net: NetName=NetA3_04 Pin=A3-04
Added Pin To Net: NetName=NetA3_04 Pin=Header6-04
Added Net: Name=NetA3_04
Added Pin To Net: NetName=NetA4_04 Pin=A4-04
Added Pin To Net: NetName=NetA4_04 Pin=Header6-05
Added Net: Name=NetA4_04
Added Pin To Net: NetName=NetA5_04 Pin=A5-04
Added Pin To Net: NetName=NetA5_04 Pin=Header6-06
Added Net: Name=NetA5_04
Added Pin To Net: NetName=NetD8_04 Pin=D8-04
Added Pin To Net: NetName=NetD8_04 Pin=Header10-10
Added Net: Name=NetD8_04
Added Pin To Net: NetName=NetD9_04 Pin=D9-04
Added Pin To Net: NetName=NetD9_04 Pin=Header10-09
Added Net: Name=NetD9_04
Added Pin To Net: NetName=NetD10_04 Pin=D10-04
Added Pin To Net: NetName=NetD10_04 Pin=Header10-08
Added Net: Name=NetD10_04
Added Pin To Net: NetName=NetD11_04 Pin=D11-04
Added Pin To Net: NetName=NetD11_04 Pin=Header10-07
Added Net: Name=NetD11_04
Added Pin To Net: NetName=NetD12_04 Pin=D12-04
Added Pin To Net: NetName=NetD12_04 Pin=Header10-06
Added Net: Name=NetD12_04
Added Pin To Net: NetName=NetD13_04 Pin=D13-04
Added Pin To Net: NetName=NetD13_04 Pin=Header10-05
Added Net: Name=NetD13_04
Added Pin To Net: NetName=NetHeader8-Right_01 Pin=Header8-Right-01
Added Pin To Net: NetName=NetHeader8-Right_01 Pin=J6-01
Added Net: Name=NetHeader8-Right_01
Added Pin To Net: NetName=NetHeader8-Right_02 Pin=Header8-Right-02
Added Pin To Net: NetName=NetHeader8-Right_02 Pin=J6-02
Added Net: Name=NetHeader8-Right_02
Added Pin To Net: NetName=NetHeader8-Right_03 Pin=Header8-Right-03
Added Pin To Net: NetName=NetHeader8-Right_03 Pin=J6-03
Added Net: Name=NetHeader8-Right_03
Added Pin To Net: NetName=NetHeader8-Right_04 Pin=Header8-Right-04
Added Pin To Net: NetName=NetHeader8-Right_04 Pin=J6-04
Added Net: Name=NetHeader8-Right_04
Added Pin To Net: NetName=NetHeader8-Right_05 Pin=Header8-Right-05
Added Pin To Net: NetName=NetHeader8-Right_05 Pin=J6-05
Added Net: Name=NetHeader8-Right_05
Added Pin To Net: NetName=NetHeader8-Right_06 Pin=Header8-Right-06
Added Pin To Net: NetName=NetHeader8-Right_06 Pin=J6-06
Added Net: Name=NetHeader8-Right_06
Added Pin To Net: NetName=NetHeader8-Right_07 Pin=Header8-Right-07
Added Pin To Net: NetName=NetHeader8-Right_07 Pin=J6-07
Added Net: Name=NetHeader8-Right_07
Added Pin To Net: NetName=NetHeader8-Right_08 Pin=Header8-Right-08
Added Pin To Net: NetName=NetHeader8-Right_08 Pin=J6-08
Added Net: Name=NetHeader8-Right_08
Added Pin To Net: NetName=NetHeader10_01 Pin=Header10-01
Added Pin To Net: NetName=NetHeader10_01 Pin=J5-01
Added Net: Name=NetHeader10_01
Added Pin To Net: NetName=NetHeader10_02 Pin=Header10-02
Added Pin To Net: NetName=NetHeader10_02 Pin=J5-02
Added Net: Name=NetHeader10_02
Added Pin To Net: NetName=NetHeader10_03 Pin=Header10-03
Added Pin To Net: NetName=NetHeader10_03 Pin=J5-03
Added Net: Name=NetHeader10_03
Added Pin To Net: NetName=NetHeader10_04 Pin=Header10-04
Added Pin To Net: NetName=NetHeader10_04 Pin=J5-04
Added Net: Name=NetHeader10_04
Added Class: Name=Schematic
